[26/Apr/2026 00:00:48] "GET /api/productos/ HTTP/1.1" 200 103
[26/Apr/2026 00:00:48,874] - Broken pipe from ('127.0.0.1', 55975)
[26/Apr/2026 00:01:41] "GET /api/productos/ HTTP/1.1" 200 103
[26/Apr/2026 00:01:41,563] - Broken pipe from ('127.0.0.1', 50572)
[26/Apr/2026 00:02:16] "GET /api/ HTTP/1.1" 200 5267
[26/Apr/2026 00:02:18] "GET /static/rest_framework/css/bootstrap-tweaks.css HTTP/1.1" 200 3426
[26/Apr/2026 00:02:18] "GET /static/rest_framework/css/bootstrap.min.css HTTP/1.1" 200 121457
[26/Apr/2026 00:02:18] "GET /static/rest_framework/css/prettify.css HTTP/1.1" 200 817
[26/Apr/2026 00:02:18] "GET /static/rest_framework/css/default.css HTTP/1.1" 200 1152
[26/Apr/2026 00:02:19] "GET /static/rest_framework/js/ajax-form.js HTTP/1.1" 200 3796
[26/Apr/2026 00:02:19] "GET /static/rest_framework/js/csrf.js HTTP/1.1" 200 1793
[26/Apr/2026 00:02:19] "GET /static/rest_framework/js/jquery-3.7.1.min.js HTTP/1.1" 200 87533
[26/Apr/2026 00:02:19] "GET /static/rest_framework/js/bootstrap.min.js HTTP/1.1" 200 39680
[26/Apr/2026 00:02:20] "GET /static/rest_framework/js/prettify-min.js HTTP/1.1" 200 13632
[26/Apr/2026 00:02:20] "GET /static/rest_framework/js/load-ajax-form.js HTTP/1.1" 200 59
[26/Apr/2026 00:02:20] "GET /static/rest_framework/js/default.js HTTP/1.1" 200 1268
[26/Apr/2026 00:02:20] "GET /static/rest_framework/img/grid.png HTTP/1.1" 200 1458
[26/Apr/2026 00:02:31] "GET /api/categorias/ HTTP/1.1" 200 145
[26/Apr/2026 00:02:31] "GET /api/productos/ HTTP/1.1" 200 103
Not Found: /api/productos-app/categorias/
[26/Apr/2026 00:06:26] "GET /api/productos-app/categorias/ HTTP/1.1" 404 13091
[26/Apr/2026 00:06:26,690] - Broken pipe from ('127.0.0.1', 65185)
